<?xml version="1.0" encoding="UTF-8"?>
<!-- Generated by org.testng.reporters.JUnitReportReporter -->
<testsuite hostname="LAPTOP-FCHV3GMA" failures="0" tests="1" name="progressive.qa.base.BaseClass" time="5.429" errors="0" timestamp="20 Jan 2022 22:56:36 GMT" skipped="0">
  <testcase classname="progressive.qa.base.BaseClass" name="urlTest" time="5.429"/>
</testsuite> <!-- progressive.qa.base.BaseClass -->
