<?xml version="1.0" encoding="UTF-8"?>
<!-- Generated by org.testng.reporters.JUnitReportReporter -->
<testsuite hostname="LAPTOP-FCHV3GMA" failures="0" tests="1" name="progressive.qa.auto.AutoQuoteTest" time="6.885" errors="0" timestamp="21 Jan 2022 18:23:47 GMT" skipped="0">
  <testcase classname="progressive.qa.auto.AutoQuoteTest" name="autoQuoteTesting" time="6.885"/>
</testsuite> <!-- progressive.qa.auto.AutoQuoteTest -->
